<?xml version="1.0" ?>
<!DOCTYPE coverage SYSTEM "http://cobertura.sourceforge.net/xml/coverage-04.dtd">
<coverage lines-valid="798" lines-covered="698" line-rate="0.8747" branches-valid="364" branches-covered="282" branch-rate="0.7746999999999999" timestamp="1590260579128" complexity="0" version="0.1">
  <sources>
    <source>C:\Users\hendr\git\my-staticman</source>
  </sources>
  <packages>
    <package name="my-staticman" line-rate="0.8556" branch-rate="0.5">
      <classes>
        <class name="config.js" filename="config.js" line-rate="0.9091" branch-rate="1">
          <methods>
          </methods>
          <lines>
            <line number="3" hits="145" branch="false"/>
            <line number="4" hits="145" branch="false"/>
            <line number="6" hits="145" branch="false"/>
            <line number="118" hits="145" branch="false"/>
            <line number="119" hits="145" branch="false"/>
            <line number="121" hits="145" branch="false"/>
            <line number="123" hits="145" branch="false"/>
            <line number="124" hits="145" branch="false"/>
            <line number="126" hits="0" branch="false"/>
            <line number="131" hits="145" branch="false"/>
            <line number="132" hits="145" branch="false"/>
          </lines>
        </class>
        <class name="index.js" filename="index.js" line-rate="0" branch-rate="1">
          <methods>
            <method name="(anonymous_0)" hits="0" signature="()V">
              <lines>
                <line number="5" hits="0"/>
              </lines>
            </method>
          </methods>
          <lines>
            <line number="1" hits="0" branch="false"/>
            <line number="3" hits="0" branch="false"/>
            <line number="5" hits="0" branch="false"/>
            <line number="6" hits="0" branch="false"/>
          </lines>
        </class>
        <class name="server.js" filename="server.js" line-rate="0.8870999999999999" branch-rate="0.5">
          <methods>
            <method name="(anonymous_0)" hits="1" signature="()V">
              <lines>
                <line number="10" hits="1"/>
              </lines>
            </method>
            <method name="(anonymous_1)" hits="1" signature="()V">
              <lines>
                <line number="33" hits="1"/>
              </lines>
            </method>
            <method name="(anonymous_2)" hits="1" signature="()V">
              <lines>
                <line number="39" hits="1"/>
              </lines>
            </method>
            <method name="(anonymous_3)" hits="3" signature="()V">
              <lines>
                <line number="40" hits="3"/>
              </lines>
            </method>
            <method name="(anonymous_4)" hits="1" signature="()V">
              <lines>
                <line number="48" hits="1"/>
              </lines>
            </method>
            <method name="(anonymous_5)" hits="1" signature="()V">
              <lines>
                <line number="115" hits="1"/>
              </lines>
            </method>
            <method name="(anonymous_6)" hits="7" signature="()V">
              <lines>
                <line number="125" hits="7"/>
              </lines>
            </method>
            <method name="(anonymous_7)" hits="3" signature="()V">
              <lines>
                <line number="126" hits="3"/>
              </lines>
            </method>
            <method name="(anonymous_8)" hits="3" signature="()V">
              <lines>
                <line number="127" hits="3"/>
              </lines>
            </method>
            <method name="(anonymous_9)" hits="3" signature="()V">
              <lines>
                <line number="142" hits="3"/>
              </lines>
            </method>
            <method name="(anonymous_10)" hits="0" signature="()V">
              <lines>
                <line number="143" hits="0"/>
              </lines>
            </method>
            <method name="(anonymous_11)" hits="0" signature="()V">
              <lines>
                <line number="144" hits="0"/>
              </lines>
            </method>
            <method name="(anonymous_12)" hits="3" signature="()V">
              <lines>
                <line number="157" hits="3"/>
              </lines>
            </method>
            <method name="(anonymous_13)" hits="3" signature="()V">
              <lines>
                <line number="158" hits="3"/>
              </lines>
            </method>
            <method name="(anonymous_14)" hits="3" signature="()V">
              <lines>
                <line number="161" hits="3"/>
              </lines>
            </method>
            <method name="(anonymous_15)" hits="1" signature="()V">
              <lines>
                <line number="182" hits="1"/>
              </lines>
            </method>
          </methods>
          <lines>
            <line number="3" hits="1" branch="false"/>
            <line number="4" hits="1" branch="false"/>
            <line number="5" hits="1" branch="false"/>
            <line number="6" hits="1" branch="false"/>
            <line number="7" hits="1" branch="false"/>
            <line number="8" hits="1" branch="false"/>
            <line number="10" hits="1" branch="false"/>
            <line number="11" hits="1" branch="false"/>
            <line number="20" hits="1" branch="false"/>
            <line number="21" hits="1" branch="false"/>
            <line number="22" hits="1" branch="false"/>
            <line number="27" hits="1" branch="false"/>
            <line number="28" hits="1" branch="false"/>
            <line number="29" hits="1" branch="false"/>
            <line number="30" hits="1" branch="false"/>
            <line number="33" hits="1" branch="false"/>
            <line number="34" hits="1" branch="false"/>
            <line number="36" hits="1" branch="false"/>
            <line number="39" hits="1" branch="false"/>
            <line number="40" hits="1" branch="false"/>
            <line number="41" hits="3" branch="false"/>
            <line number="42" hits="3" branch="false"/>
            <line number="44" hits="3" branch="false"/>
            <line number="48" hits="1" branch="false"/>
            <line number="50" hits="1" branch="false"/>
            <line number="57" hits="1" branch="false"/>
            <line number="66" hits="1" branch="false"/>
            <line number="74" hits="1" branch="false"/>
            <line number="82" hits="1" branch="false"/>
            <line number="92" hits="1" branch="false"/>
            <line number="100" hits="1" branch="false"/>
            <line number="109" hits="1" branch="false"/>
            <line number="115" hits="1" branch="false"/>
            <line number="116" hits="1" branch="false"/>
            <line number="120" hits="1" branch="false"/>
            <line number="122" hits="1" branch="false"/>
            <line number="125" hits="1" branch="false"/>
            <line number="126" hits="7" branch="false"/>
            <line number="127" hits="3" branch="false"/>
            <line number="128" hits="3" branch="false"/>
            <line number="131" hits="3" branch="true" condition-coverage="50% (1/2)"/>
            <line number="132" hits="0" branch="false"/>
            <line number="138" hits="3" branch="false"/>
            <line number="142" hits="1" branch="false"/>
            <line number="143" hits="3" branch="false"/>
            <line number="144" hits="0" branch="false"/>
            <line number="146" hits="0" branch="true" condition-coverage="0% (0/2)"/>
            <line number="147" hits="0" branch="false"/>
            <line number="153" hits="0" branch="false"/>
            <line number="157" hits="1" branch="false"/>
            <line number="158" hits="3" branch="false"/>
            <line number="159" hits="3" branch="false"/>
            <line number="161" hits="3" branch="false"/>
            <line number="162" hits="3" branch="true" condition-coverage="50% (1/2)"/>
            <line number="166" hits="0" branch="false"/>
            <line number="170" hits="3" branch="true" condition-coverage="50% (1/2)"/>
            <line number="171" hits="0" branch="false"/>
            <line number="178" hits="3" branch="false"/>
            <line number="182" hits="1" branch="false"/>
            <line number="183" hits="1" branch="true" condition-coverage="50% (1/2)"/>
            <line number="187" hits="1" branch="false"/>
            <line number="190" hits="1" branch="false"/>
          </lines>
        </class>
        <class name="siteConfig.js" filename="siteConfig.js" line-rate="0.9231" branch-rate="1">
          <methods>
            <method name="(anonymous_0)" hits="15" signature="()V">
              <lines>
                <line number="189" hits="15"/>
              </lines>
            </method>
            <method name="(anonymous_1)" hits="105" signature="()V">
              <lines>
                <line number="192" hits="105"/>
              </lines>
            </method>
            <method name="(anonymous_2)" hits="85" signature="()V">
              <lines>
                <line number="193" hits="85"/>
              </lines>
            </method>
          </methods>
          <lines>
            <line number="3" hits="89" branch="false"/>
            <line number="5" hits="89" branch="false"/>
            <line number="189" hits="89" branch="false"/>
            <line number="190" hits="15" branch="false"/>
            <line number="192" hits="105" branch="false"/>
            <line number="194" hits="85" branch="false"/>
            <line number="198" hits="15" branch="false"/>
            <line number="200" hits="15" branch="false"/>
            <line number="201" hits="15" branch="false"/>
            <line number="202" hits="15" branch="false"/>
            <line number="204" hits="15" branch="false"/>
            <line number="206" hits="0" branch="false"/>
            <line number="210" hits="89" branch="false"/>
          </lines>
        </class>
      </classes>
    </package>
    <package name="my-staticman.controllers" line-rate="0.9281" branch-rate="0.8265">
      <classes>
        <class name="auth.js" filename="controllers\auth.js" line-rate="1" branch-rate="0.875">
          <methods>
            <method name="(anonymous_0)" hits="7" signature="()V">
              <lines>
                <line number="8" hits="7"/>
              </lines>
            </method>
            <method name="(anonymous_1)" hits="3" signature="()V">
              <lines>
                <line number="16" hits="3"/>
              </lines>
            </method>
            <method name="(anonymous_2)" hits="4" signature="()V">
              <lines>
                <line number="25" hits="4"/>
              </lines>
            </method>
            <method name="(anonymous_3)" hits="5" signature="()V">
              <lines>
                <line number="36" hits="5"/>
              </lines>
            </method>
            <method name="(anonymous_4)" hits="1" signature="()V">
              <lines>
                <line number="43" hits="1"/>
              </lines>
            </method>
            <method name="(anonymous_5)" hits="3" signature="()V">
              <lines>
                <line number="47" hits="3"/>
              </lines>
            </method>
            <method name="(anonymous_6)" hits="4" signature="()V">
              <lines>
                <line number="54" hits="4"/>
              </lines>
            </method>
          </methods>
          <lines>
            <line number="3" hits="2" branch="false"/>
            <line number="4" hits="2" branch="false"/>
            <line number="5" hits="2" branch="false"/>
            <line number="6" hits="2" branch="false"/>
            <line number="8" hits="2" branch="false"/>
            <line number="9" hits="7" branch="false"/>
            <line number="10" hits="7" branch="false"/>
            <line number="14" hits="7" branch="true" condition-coverage="100% (2/2)"/>
            <line number="16" hits="3" branch="false"/>
            <line number="17" hits="3" branch="false"/>
            <line number="23" hits="3" branch="false"/>
            <line number="25" hits="4" branch="false"/>
            <line number="26" hits="4" branch="false"/>
            <line number="34" hits="7" branch="false"/>
            <line number="37" hits="5" branch="false"/>
            <line number="42" hits="5" branch="true" condition-coverage="100% (4/4)"/>
            <line number="43" hits="1" branch="false"/>
            <line number="46" hits="5" branch="false"/>
            <line number="48" hits="3" branch="false"/>
            <line number="55" hits="4" branch="false"/>
            <line number="57" hits="4" branch="true" condition-coverage="50% (1/2)"/>
            <line number="59" hits="4" branch="false"/>
          </lines>
        </class>
        <class name="connect.js" filename="controllers\connect.js" line-rate="0.9048" branch-rate="0.7">
          <methods>
            <method name="(anonymous_0)" hits="3" signature="()V">
              <lines>
                <line number="7" hits="3"/>
              </lines>
            </method>
            <method name="(anonymous_1)" hits="3" signature="()V">
              <lines>
                <line number="19" hits="3"/>
              </lines>
            </method>
            <method name="(anonymous_2)" hits="2" signature="()V">
              <lines>
                <line number="22" hits="2"/>
              </lines>
            </method>
            <method name="(anonymous_3)" hits="2" signature="()V">
              <lines>
                <line number="37" hits="2"/>
              </lines>
            </method>
            <method name="(anonymous_4)" hits="1" signature="()V">
              <lines>
                <line number="43" hits="1"/>
              </lines>
            </method>
          </methods>
          <lines>
            <line number="3" hits="4" branch="false"/>
            <line number="4" hits="4" branch="false"/>
            <line number="5" hits="4" branch="false"/>
            <line number="7" hits="4" branch="false"/>
            <line number="8" hits="3" branch="true" condition-coverage="50% (1/2)"/>
            <line number="12" hits="3" branch="false"/>
            <line number="19" hits="3" branch="false"/>
            <line number="20" hits="3" branch="false"/>
            <line number="22" hits="3" branch="false"/>
            <line number="23" hits="2" branch="true" condition-coverage="100% (2/2)"/>
            <line number="24" hits="1" branch="false"/>
            <line number="26" hits="1" branch="false"/>
            <line number="30" hits="2" branch="true" condition-coverage="100% (2/2)"/>
            <line number="31" hits="1" branch="false"/>
            <line number="35" hits="1" branch="false"/>
            <line number="38" hits="2" branch="false"/>
            <line number="40" hits="2" branch="true" condition-coverage="50% (1/2)"/>
            <line number="41" hits="0" branch="false"/>
            <line number="44" hits="1" branch="false"/>
            <line number="46" hits="1" branch="true" condition-coverage="50% (1/2)"/>
            <line number="47" hits="0" branch="false"/>
          </lines>
        </class>
        <class name="encrypt.js" filename="controllers\encrypt.js" line-rate="0.8571" branch-rate="0.5">
          <methods>
            <method name="(anonymous_0)" hits="1" signature="()V">
              <lines>
                <line number="6" hits="1"/>
              </lines>
            </method>
          </methods>
          <lines>
            <line number="3" hits="2" branch="false"/>
            <line number="4" hits="2" branch="false"/>
            <line number="6" hits="2" branch="false"/>
            <line number="7" hits="1" branch="false"/>
            <line number="9" hits="1" branch="true" condition-coverage="50% (1/2)"/>
            <line number="10" hits="0" branch="false"/>
            <line number="13" hits="1" branch="false"/>
          </lines>
        </class>
        <class name="handlePR.js" filename="controllers\handlePR.js" line-rate="0.871" branch-rate="0.7273000000000001">
          <methods>
            <method name="(anonymous_0)" hits="4" signature="()V">
              <lines>
                <line number="7" hits="4"/>
              </lines>
            </method>
            <method name="(anonymous_1)" hits="4" signature="()V">
              <lines>
                <line number="22" hits="4"/>
              </lines>
            </method>
            <method name="(anonymous_2)" hits="0" signature="()V">
              <lines>
                <line number="41" hits="0"/>
              </lines>
            </method>
            <method name="(anonymous_3)" hits="3" signature="()V">
              <lines>
                <line number="49" hits="3"/>
              </lines>
            </method>
            <method name="(anonymous_4)" hits="1" signature="()V">
              <lines>
                <line number="55" hits="1"/>
              </lines>
            </method>
          </methods>
          <lines>
            <line number="3" hits="5" branch="false"/>
            <line number="4" hits="5" branch="false"/>
            <line number="5" hits="5" branch="false"/>
            <line number="7" hits="5" branch="false"/>
            <line number="8" hits="4" branch="true" condition-coverage="50% (1/2)"/>
            <line number="12" hits="4" branch="true" condition-coverage="50% (1/2)"/>
            <line number="13" hits="0" branch="false"/>
            <line number="16" hits="4" branch="false"/>
            <line number="22" hits="4" branch="false"/>
            <line number="23" hits="4" branch="true" condition-coverage="100% (2/2)"/>
            <line number="24" hits="1" branch="false"/>
            <line number="27" hits="3" branch="true" condition-coverage="100% (4/4)"/>
            <line number="28" hits="1" branch="false"/>
            <line number="31" hits="2" branch="true" condition-coverage="50% (1/2)"/>
            <line number="32" hits="2" branch="false"/>
            <line number="34" hits="2" branch="true" condition-coverage="75% (3/4)"/>
            <line number="35" hits="2" branch="false"/>
            <line number="36" hits="2" branch="false"/>
            <line number="37" hits="2" branch="false"/>
            <line number="39" hits="2" branch="false"/>
            <line number="40" hits="2" branch="false"/>
            <line number="41" hits="0" branch="false"/>
            <line number="43" hits="1" branch="false"/>
            <line number="48" hits="1" branch="false"/>
            <line number="50" hits="3" branch="true" condition-coverage="50% (1/2)"/>
            <line number="51" hits="0" branch="false"/>
            <line number="54" hits="3" branch="false"/>
            <line number="56" hits="1" branch="true" condition-coverage="100% (2/2)"/>
            <line number="58" hits="1" branch="true" condition-coverage="50% (1/2)"/>
            <line number="59" hits="0" branch="false"/>
            <line number="62" hits="1" branch="false"/>
          </lines>
        </class>
        <class name="home.js" filename="controllers\home.js" line-rate="0.6667000000000001" branch-rate="1">
          <methods>
            <method name="(anonymous_0)" hits="0" signature="()V">
              <lines>
                <line number="5" hits="0"/>
              </lines>
            </method>
          </methods>
          <lines>
            <line number="3" hits="1" branch="false"/>
            <line number="5" hits="1" branch="false"/>
            <line number="6" hits="0" branch="false"/>
          </lines>
        </class>
        <class name="process.js" filename="controllers\process.js" line-rate="0.9565" branch-rate="0.8929">
          <methods>
            <method name="checkRecaptcha" hits="12" signature="()V">
              <lines>
                <line number="10" hits="12"/>
              </lines>
            </method>
            <method name="(anonymous_1)" hits="12" signature="()V">
              <lines>
                <line number="11" hits="12"/>
              </lines>
            </method>
            <method name="(anonymous_2)" hits="11" signature="()V">
              <lines>
                <line number="12" hits="11"/>
              </lines>
            </method>
            <method name="(anonymous_3)" hits="2" signature="()V">
              <lines>
                <line number="39" hits="2"/>
              </lines>
            </method>
            <method name="(anonymous_4)" hits="1" signature="()V">
              <lines>
                <line number="46" hits="1"/>
              </lines>
            </method>
            <method name="createConfigObject" hits="5" signature="()V">
              <lines>
                <line number="50" hits="5"/>
              </lines>
            </method>
            <method name="process" hits="3" signature="()V">
              <lines>
                <line number="64" hits="3"/>
              </lines>
            </method>
            <method name="(anonymous_7)" hits="2" signature="()V">
              <lines>
                <line number="71" hits="2"/>
              </lines>
            </method>
            <method name="sendResponse" hits="9" signature="()V">
              <lines>
                <line number="83" hits="9"/>
              </lines>
            </method>
            <method name="(anonymous_9)" hits="3" signature="()V">
              <lines>
                <line number="123" hits="3"/>
              </lines>
            </method>
            <method name="(anonymous_10)" hits="0" signature="()V">
              <lines>
                <line number="131" hits="0"/>
              </lines>
            </method>
            <method name="(anonymous_11)" hits="3" signature="()V">
              <lines>
                <line number="132" hits="3"/>
              </lines>
            </method>
          </methods>
          <lines>
            <line number="3" hits="14" branch="false"/>
            <line number="4" hits="14" branch="false"/>
            <line number="5" hits="14" branch="false"/>
            <line number="6" hits="14" branch="false"/>
            <line number="7" hits="14" branch="false"/>
            <line number="8" hits="14" branch="false"/>
            <line number="11" hits="12" branch="false"/>
            <line number="12" hits="12" branch="false"/>
            <line number="13" hits="11" branch="true" condition-coverage="100% (2/2)"/>
            <line number="14" hits="1" branch="false"/>
            <line number="17" hits="10" branch="true" condition-coverage="100% (2/2)"/>
            <line number="19" hits="10" branch="true" condition-coverage="100% (5/5)"/>
            <line number="20" hits="3" branch="false"/>
            <line number="25" hits="7" branch="false"/>
            <line number="26" hits="7" branch="false"/>
            <line number="28" hits="4" branch="false"/>
            <line number="31" hits="3" branch="true" condition-coverage="100% (2/2)"/>
            <line number="35" hits="1" branch="false"/>
            <line number="38" hits="2" branch="false"/>
            <line number="39" hits="2" branch="false"/>
            <line number="40" hits="2" branch="true" condition-coverage="100% (2/2)"/>
            <line number="41" hits="1" branch="false"/>
            <line number="44" hits="1" branch="false"/>
            <line number="46" hits="1" branch="false"/>
            <line number="51" hits="5" branch="false"/>
            <line number="53" hits="5" branch="true" condition-coverage="100% (2/2)"/>
            <line number="54" hits="2" branch="false"/>
            <line number="55" hits="2" branch="false"/>
            <line number="57" hits="3" branch="false"/>
            <line number="58" hits="3" branch="true" condition-coverage="100% (2/2)"/>
            <line number="61" hits="5" branch="false"/>
            <line number="65" hits="3" branch="true" condition-coverage="50% (1/2)"/>
            <line number="68" hits="3" branch="true" condition-coverage="100% (2/2)"/>
            <line number="69" hits="3" branch="true" condition-coverage="66.66666666666666% (2/3)"/>
            <line number="71" hits="3" branch="false"/>
            <line number="72" hits="2" branch="false"/>
            <line number="77" hits="2" branch="true" condition-coverage="50% (1/2)"/>
            <line number="78" hits="0" branch="false"/>
            <line number="84" hits="9" branch="true" condition-coverage="100% (2/2)"/>
            <line number="85" hits="9" branch="true" condition-coverage="100% (2/2)"/>
            <line number="87" hits="9" branch="true" condition-coverage="100% (4/4)"/>
            <line number="88" hits="2" branch="false"/>
            <line number="91" hits="7" branch="true" condition-coverage="100% (4/4)"/>
            <line number="92" hits="1" branch="false"/>
            <line number="95" hits="6" branch="false"/>
            <line number="99" hits="6" branch="true" condition-coverage="100% (4/4)"/>
            <line number="100" hits="4" branch="false"/>
            <line number="101" hits="4" branch="false"/>
            <line number="103" hits="4" branch="true" condition-coverage="50% (1/2)"/>
            <line number="104" hits="4" branch="false"/>
            <line number="107" hits="4" branch="true" condition-coverage="50% (1/2)"/>
            <line number="108" hits="0" branch="false"/>
            <line number="111" hits="4" branch="true" condition-coverage="50% (1/2)"/>
            <line number="112" hits="4" branch="false"/>
            <line number="115" hits="4" branch="false"/>
            <line number="117" hits="2" branch="false"/>
            <line number="120" hits="6" branch="false"/>
            <line number="123" hits="14" branch="false"/>
            <line number="124" hits="3" branch="false"/>
            <line number="126" hits="3" branch="false"/>
            <line number="127" hits="3" branch="true" condition-coverage="100% (2/2)"/>
            <line number="128" hits="3" branch="false"/>
            <line number="130" hits="3" branch="false"/>
            <line number="131" hits="0" branch="false"/>
            <line number="132" hits="3" branch="false"/>
            <line number="139" hits="14" branch="false"/>
            <line number="140" hits="14" branch="false"/>
            <line number="141" hits="14" branch="false"/>
            <line number="142" hits="14" branch="false"/>
          </lines>
        </class>
      </classes>
    </package>
    <package name="my-staticman.lib" line-rate="0.8552" branch-rate="0.764">
      <classes>
        <class name="ErrorHandler.js" filename="lib\ErrorHandler.js" line-rate="0.8158" branch-rate="0.8">
          <methods>
            <method name="(anonymous_0)" hits="4" signature="()V">
              <lines>
                <line number="7" hits="4"/>
              </lines>
            </method>
            <method name="(anonymous_1)" hits="0" signature="()V">
              <lines>
                <line number="13" hits="0"/>
              </lines>
            </method>
            <method name="(anonymous_2)" hits="139" signature="()V">
              <lines>
                <line number="21" hits="139"/>
              </lines>
            </method>
            <method name="(anonymous_3)" hits="5" signature="()V">
              <lines>
                <line number="42" hits="5"/>
              </lines>
            </method>
            <method name="(anonymous_4)" hits="5" signature="()V">
              <lines>
                <line number="46" hits="5"/>
              </lines>
            </method>
            <method name="(anonymous_5)" hits="0" signature="()V">
              <lines>
                <line number="50" hits="0"/>
              </lines>
            </method>
            <method name="(anonymous_6)" hits="51" signature="()V">
              <lines>
                <line number="63" hits="51"/>
              </lines>
            </method>
            <method name="(anonymous_7)" hits="51" signature="()V">
              <lines>
                <line number="99" hits="51"/>
              </lines>
            </method>
            <method name="(anonymous_8)" hits="9" signature="()V">
              <lines>
                <line number="103" hits="9"/>
              </lines>
            </method>
          </methods>
          <lines>
            <line number="3" hits="139" branch="false"/>
            <line number="4" hits="139" branch="false"/>
            <line number="8" hits="4" branch="false"/>
            <line number="9" hits="4" branch="false"/>
            <line number="10" hits="4" branch="false"/>
            <line number="14" hits="0" branch="false"/>
            <line number="21" hits="139" branch="false"/>
            <line number="22" hits="139" branch="false"/>
            <line number="34" hits="139" branch="false"/>
            <line number="42" hits="139" branch="false"/>
            <line number="43" hits="5" branch="true" condition-coverage="100% (2/2)"/>
            <line number="46" hits="139" branch="false"/>
            <line number="47" hits="5" branch="false"/>
            <line number="50" hits="139" branch="false"/>
            <line number="51" hits="0" branch="false"/>
            <line number="52" hits="0" branch="false"/>
            <line number="54" hits="0" branch="true" condition-coverage="0% (0/2)"/>
            <line number="55" hits="0" branch="false"/>
            <line number="57" hits="0" branch="false"/>
            <line number="60" hits="0" branch="false"/>
            <line number="63" hits="139" branch="true" condition-coverage="100% (1/1)"/>
            <line number="64" hits="51" branch="false"/>
            <line number="66" hits="51" branch="true" condition-coverage="100% (2/2)"/>
            <line number="67" hits="19" branch="true" condition-coverage="100% (2/2)"/>
            <line number="74" hits="19" branch="true" condition-coverage="100% (2/2)"/>
            <line number="79" hits="4" branch="true" condition-coverage="100% (2/2)"/>
            <line number="80" hits="4" branch="false"/>
            <line number="83" hits="15" branch="false"/>
            <line number="86" hits="32" branch="false"/>
            <line number="90" hits="32" branch="true" condition-coverage="100% (2/2)"/>
            <line number="91" hits="4" branch="false"/>
            <line number="94" hits="32" branch="false"/>
            <line number="97" hits="139" branch="false"/>
            <line number="99" hits="139" branch="false"/>
            <line number="100" hits="51" branch="false"/>
            <line number="103" hits="139" branch="false"/>
            <line number="104" hits="9" branch="false"/>
            <line number="107" hits="139" branch="false"/>
          </lines>
        </class>
        <class name="GitHub.js" filename="lib\GitHub.js" line-rate="0.925" branch-rate="0.5556">
          <methods>
            <method name="(anonymous_0)" hits="20" signature="()V">
              <lines>
                <line number="10" hits="20"/>
              </lines>
            </method>
            <method name="(anonymous_1)" hits="69" signature="()V">
              <lines>
                <line number="13" hits="69"/>
              </lines>
            </method>
            <method name="(anonymous_2)" hits="10" signature="()V">
              <lines>
                <line number="40" hits="10"/>
              </lines>
            </method>
            <method name="(anonymous_3)" hits="1" signature="()V">
              <lines>
                <line number="48" hits="1"/>
              </lines>
            </method>
            <method name="(anonymous_4)" hits="4" signature="()V">
              <lines>
                <line number="51" hits="4"/>
              </lines>
            </method>
            <method name="(anonymous_5)" hits="4" signature="()V">
              <lines>
                <line number="63" hits="4"/>
              </lines>
            </method>
            <method name="(anonymous_6)" hits="1" signature="()V">
              <lines>
                <line number="65" hits="1"/>
              </lines>
            </method>
            <method name="(anonymous_7)" hits="2" signature="()V">
              <lines>
                <line number="86" hits="2"/>
              </lines>
            </method>
            <method name="(anonymous_8)" hits="1" signature="()V">
              <lines>
                <line number="92" hits="1"/>
              </lines>
            </method>
            <method name="(anonymous_9)" hits="1" signature="()V">
              <lines>
                <line number="95" hits="1"/>
              </lines>
            </method>
            <method name="(anonymous_10)" hits="1" signature="()V">
              <lines>
                <line number="105" hits="1"/>
              </lines>
            </method>
            <method name="(anonymous_11)" hits="1" signature="()V">
              <lines>
                <line number="113" hits="1"/>
              </lines>
            </method>
            <method name="(anonymous_12)" hits="4" signature="()V">
              <lines>
                <line number="125" hits="4"/>
              </lines>
            </method>
            <method name="(anonymous_13)" hits="4" signature="()V">
              <lines>
                <line number="132" hits="4"/>
              </lines>
            </method>
            <method name="(anonymous_14)" hits="10" signature="()V">
              <lines>
                <line number="143" hits="10"/>
              </lines>
            </method>
            <method name="(anonymous_15)" hits="3" signature="()V">
              <lines>
                <line number="145" hits="3"/>
              </lines>
            </method>
            <method name="(anonymous_16)" hits="2" signature="()V">
              <lines>
                <line number="148" hits="2"/>
              </lines>
            </method>
            <method name="(anonymous_17)" hits="1" signature="()V">
              <lines>
                <line number="150" hits="1"/>
              </lines>
            </method>
            <method name="(anonymous_18)" hits="4" signature="()V">
              <lines>
                <line number="153" hits="4"/>
              </lines>
            </method>
            <method name="(anonymous_19)" hits="2" signature="()V">
              <lines>
                <line number="156" hits="2"/>
              </lines>
            </method>
            <method name="(anonymous_20)" hits="2" signature="()V">
              <lines>
                <line number="159" hits="2"/>
              </lines>
            </method>
          </methods>
          <lines>
            <line number="3" hits="58" branch="false"/>
            <line number="4" hits="58" branch="false"/>
            <line number="5" hits="58" branch="false"/>
            <line number="6" hits="58" branch="false"/>
            <line number="7" hits="58" branch="false"/>
            <line number="8" hits="58" branch="false"/>
            <line number="10" hits="58" branch="false"/>
            <line number="14" hits="69" branch="false"/>
            <line number="16" hits="69" branch="false"/>
            <line number="25" hits="69" branch="true" condition-coverage="100% (2/2)"/>
            <line number="26" hits="4" branch="false"/>
            <line number="30" hits="65" branch="true" condition-coverage="100% (2/2)"/>
            <line number="31" hits="64" branch="false"/>
            <line number="36" hits="1" branch="false"/>
            <line number="41" hits="10" branch="false"/>
            <line number="48" hits="1" branch="false"/>
            <line number="52" hits="4" branch="false"/>
            <line number="64" hits="4" branch="false"/>
            <line number="66" hits="1" branch="false"/>
            <line number="67" hits="1" branch="true" condition-coverage="50% (1/2)"/>
            <line number="69" hits="1" branch="true" condition-coverage="50% (1/2)"/>
            <line number="70" hits="0" branch="false"/>
            <line number="72" hits="0" branch="true" condition-coverage="0% (0/2)"/>
            <line number="77" hits="0" branch="false"/>
            <line number="82" hits="1" branch="false"/>
            <line number="87" hits="2" branch="false"/>
            <line number="92" hits="1" branch="false"/>
            <line number="96" hits="1" branch="false"/>
            <line number="106" hits="1" branch="false"/>
            <line number="114" hits="1" branch="false"/>
            <line number="126" hits="4" branch="false"/>
            <line number="133" hits="4" branch="false"/>
            <line number="144" hits="10" branch="false"/>
            <line number="145" hits="3" branch="false"/>
            <line number="149" hits="2" branch="false"/>
            <line number="150" hits="1" branch="false"/>
            <line number="154" hits="4" branch="false"/>
            <line number="157" hits="2" branch="false"/>
            <line number="159" hits="2" branch="false"/>
            <line number="163" hits="58" branch="false"/>
          </lines>
        </class>
        <class name="GitLab.js" filename="lib\GitLab.js" line-rate="0.8649" branch-rate="0.6923">
          <methods>
            <method name="(anonymous_0)" hits="21" signature="()V">
              <lines>
                <line number="11" hits="21"/>
              </lines>
            </method>
            <method name="(anonymous_1)" hits="15" signature="()V">
              <lines>
                <line number="29" hits="15"/>
              </lines>
            </method>
            <method name="(anonymous_2)" hits="7" signature="()V">
              <lines>
                <line number="37" hits="7"/>
              </lines>
            </method>
            <method name="(anonymous_3)" hits="1" signature="()V">
              <lines>
                <line number="39" hits="1"/>
              </lines>
            </method>
            <method name="(anonymous_4)" hits="4" signature="()V">
              <lines>
                <line number="42" hits="4"/>
              </lines>
            </method>
            <method name="(anonymous_5)" hits="2" signature="()V">
              <lines>
                <line number="50" hits="2"/>
              </lines>
            </method>
            <method name="(anonymous_6)" hits="1" signature="()V">
              <lines>
                <line number="52" hits="1"/>
              </lines>
            </method>
            <method name="(anonymous_7)" hits="1" signature="()V">
              <lines>
                <line number="55" hits="1"/>
              </lines>
            </method>
            <method name="(anonymous_8)" hits="0" signature="()V">
              <lines>
                <line number="59" hits="0"/>
              </lines>
            </method>
            <method name="(anonymous_9)" hits="1" signature="()V">
              <lines>
                <line number="63" hits="1"/>
              </lines>
            </method>
            <method name="(anonymous_10)" hits="0" signature="()V">
              <lines>
                <line number="70" hits="0"/>
              </lines>
            </method>
            <method name="(anonymous_11)" hits="0" signature="()V">
              <lines>
                <line number="72" hits="0"/>
              </lines>
            </method>
            <method name="(anonymous_12)" hits="7" signature="()V">
              <lines>
                <line number="88" hits="7"/>
              </lines>
            </method>
            <method name="(anonymous_13)" hits="2" signature="()V">
              <lines>
                <line number="90" hits="2"/>
              </lines>
            </method>
            <method name="(anonymous_14)" hits="4" signature="()V">
              <lines>
                <line number="93" hits="4"/>
              </lines>
            </method>
            <method name="(anonymous_15)" hits="1" signature="()V">
              <lines>
                <line number="95" hits="1"/>
              </lines>
            </method>
            <method name="(anonymous_16)" hits="2" signature="()V">
              <lines>
                <line number="104" hits="2"/>
              </lines>
            </method>
            <method name="(anonymous_17)" hits="1" signature="()V">
              <lines>
                <line number="106" hits="1"/>
              </lines>
            </method>
            <method name="(anonymous_18)" hits="4" signature="()V">
              <lines>
                <line number="109" hits="4"/>
              </lines>
            </method>
            <method name="(anonymous_19)" hits="2" signature="()V">
              <lines>
                <line number="111" hits="2"/>
              </lines>
            </method>
            <method name="(anonymous_20)" hits="2" signature="()V">
              <lines>
                <line number="114" hits="2"/>
              </lines>
            </method>
          </methods>
          <lines>
            <line number="3" hits="52" branch="false"/>
            <line number="4" hits="52" branch="false"/>
            <line number="5" hits="52" branch="false"/>
            <line number="6" hits="52" branch="false"/>
            <line number="7" hits="52" branch="false"/>
            <line number="8" hits="52" branch="false"/>
            <line number="12" hits="21" branch="false"/>
            <line number="14" hits="21" branch="true" condition-coverage="100% (2/2)"/>
            <line number="15" hits="3" branch="false"/>
            <line number="19" hits="18" branch="true" condition-coverage="100% (2/2)"/>
            <line number="20" hits="17" branch="false"/>
            <line number="25" hits="1" branch="false"/>
            <line number="30" hits="15" branch="true" condition-coverage="75% (3/4)"/>
            <line number="31" hits="15" branch="false"/>
            <line number="34" hits="0" branch="false"/>
            <line number="38" hits="7" branch="false"/>
            <line number="39" hits="1" branch="false"/>
            <line number="43" hits="4" branch="false"/>
            <line number="51" hits="2" branch="false"/>
            <line number="52" hits="1" branch="false"/>
            <line number="56" hits="1" branch="false"/>
            <line number="60" hits="0" branch="false"/>
            <line number="64" hits="1" branch="false"/>
            <line number="71" hits="0" branch="false"/>
            <line number="78" hits="0" branch="false"/>
            <line number="89" hits="7" branch="false"/>
            <line number="90" hits="2" branch="false"/>
            <line number="94" hits="4" branch="false"/>
            <line number="96" hits="1" branch="true" condition-coverage="50% (2/4)"/>
            <line number="97" hits="0" branch="false"/>
            <line number="100" hits="1" branch="false"/>
            <line number="105" hits="2" branch="false"/>
            <line number="106" hits="1" branch="false"/>
            <line number="110" hits="4" branch="false"/>
            <line number="112" hits="2" branch="false"/>
            <line number="114" hits="2" branch="false"/>
            <line number="118" hits="52" branch="false"/>
          </lines>
        </class>
        <class name="GitService.js" filename="lib\GitService.js" line-rate="0.7576" branch-rate="0.7273000000000001">
          <methods>
            <method name="(anonymous_0)" hits="90" signature="()V">
              <lines>
                <line number="7" hits="90"/>
              </lines>
            </method>
            <method name="(anonymous_1)" hits="0" signature="()V">
              <lines>
                <line number="13" hits="0"/>
              </lines>
            </method>
            <method name="(anonymous_2)" hits="0" signature="()V">
              <lines>
                <line number="17" hits="0"/>
              </lines>
            </method>
            <method name="(anonymous_3)" hits="0" signature="()V">
              <lines>
                <line number="21" hits="0"/>
              </lines>
            </method>
            <method name="(anonymous_4)" hits="0" signature="()V">
              <lines>
                <line number="25" hits="0"/>
              </lines>
            </method>
            <method name="(anonymous_5)" hits="0" signature="()V">
              <lines>
                <line number="29" hits="0"/>
              </lines>
            </method>
            <method name="(anonymous_6)" hits="0" signature="()V">
              <lines>
                <line number="33" hits="0"/>
              </lines>
            </method>
            <method name="(anonymous_7)" hits="0" signature="()V">
              <lines>
                <line number="37" hits="0"/>
              </lines>
            </method>
            <method name="(anonymous_8)" hits="0" signature="()V">
              <lines>
                <line number="41" hits="0"/>
              </lines>
            </method>
            <method name="(anonymous_9)" hits="17" signature="()V">
              <lines>
                <line number="45" hits="17"/>
              </lines>
            </method>
            <method name="(anonymous_10)" hits="15" signature="()V">
              <lines>
                <line number="48" hits="15"/>
              </lines>
            </method>
            <method name="(anonymous_11)" hits="8" signature="()V">
              <lines>
                <line number="85" hits="8"/>
              </lines>
            </method>
            <method name="(anonymous_12)" hits="4" signature="()V">
              <lines>
                <line number="89" hits="4"/>
              </lines>
            </method>
            <method name="(anonymous_13)" hits="2" signature="()V">
              <lines>
                <line number="91" hits="2"/>
              </lines>
            </method>
            <method name="(anonymous_14)" hits="2" signature="()V">
              <lines>
                <line number="92" hits="2"/>
              </lines>
            </method>
            <method name="(anonymous_15)" hits="2" signature="()V">
              <lines>
                <line number="93" hits="2"/>
              </lines>
            </method>
          </methods>
          <lines>
            <line number="3" hits="77" branch="false"/>
            <line number="4" hits="77" branch="false"/>
            <line number="8" hits="90" branch="false"/>
            <line number="9" hits="90" branch="false"/>
            <line number="10" hits="90" branch="false"/>
            <line number="14" hits="0" branch="false"/>
            <line number="18" hits="0" branch="false"/>
            <line number="22" hits="0" branch="false"/>
            <line number="26" hits="0" branch="false"/>
            <line number="30" hits="0" branch="false"/>
            <line number="34" hits="0" branch="false"/>
            <line number="38" hits="0" branch="false"/>
            <line number="42" hits="0" branch="false"/>
            <line number="46" hits="17" branch="false"/>
            <line number="48" hits="17" branch="false"/>
            <line number="49" hits="15" branch="false"/>
            <line number="51" hits="15" branch="false"/>
            <line number="52" hits="15" branch="true" condition-coverage="100% (3/3)"/>
            <line number="55" hits="9" branch="false"/>
            <line number="57" hits="6" branch="false"/>
            <line number="60" hits="4" branch="false"/>
            <line number="62" hits="4" branch="false"/>
            <line number="65" hits="12" branch="true" condition-coverage="100% (2/2)"/>
            <line number="72" hits="3" branch="false"/>
            <line number="76" hits="3" branch="true" condition-coverage="50% (1/2)"/>
            <line number="77" hits="3" branch="false"/>
            <line number="80" hits="3" branch="false"/>
            <line number="86" hits="8" branch="false"/>
            <line number="90" hits="4" branch="false"/>
            <line number="91" hits="2" branch="false"/>
            <line number="92" hits="2" branch="false"/>
            <line number="93" hits="2" branch="false"/>
            <line number="97" hits="77" branch="false"/>
          </lines>
        </class>
        <class name="GitServiceFactory.js" filename="lib\GitServiceFactory.js" line-rate="1" branch-rate="1">
          <methods>
            <method name="(anonymous_0)" hits="104" signature="()V">
              <lines>
                <line number="6" hits="104"/>
              </lines>
            </method>
          </methods>
          <lines>
            <line number="3" hits="82" branch="false"/>
            <line number="4" hits="82" branch="false"/>
            <line number="6" hits="82" branch="false"/>
            <line number="7" hits="104" branch="true" condition-coverage="100% (2/2)"/>
            <line number="9" hits="5" branch="false"/>
            <line number="11" hits="99" branch="false"/>
          </lines>
        </class>
        <class name="Logger.js" filename="lib\Logger.js" line-rate="0" branch-rate="0">
          <methods>
            <method name="(anonymous_0)" hits="0" signature="()V">
              <lines>
                <line number="6" hits="0"/>
              </lines>
            </method>
            <method name="(anonymous_1)" hits="0" signature="()V">
              <lines>
                <line number="14" hits="0"/>
              </lines>
            </method>
            <method name="(anonymous_2)" hits="0" signature="()V">
              <lines>
                <line number="24" hits="0"/>
              </lines>
            </method>
          </methods>
          <lines>
            <line number="1" hits="0" branch="false"/>
            <line number="2" hits="0" branch="false"/>
            <line number="3" hits="0" branch="false"/>
            <line number="4" hits="0" branch="false"/>
            <line number="6" hits="0" branch="false"/>
            <line number="7" hits="0" branch="false"/>
            <line number="13" hits="0" branch="true" condition-coverage="0% (0/2)"/>
            <line number="14" hits="0" branch="false"/>
            <line number="16" hits="0" branch="false"/>
            <line number="21" hits="0" branch="false"/>
            <line number="24" hits="0" branch="false"/>
            <line number="25" hits="0" branch="true" condition-coverage="0% (0/2)"/>
            <line number="29" hits="0" branch="false"/>
            <line number="32" hits="0" branch="false"/>
            <line number="34" hits="0" branch="false"/>
          </lines>
        </class>
        <class name="Notification.js" filename="lib\Notification.js" line-rate="0.7857" branch-rate="0.375">
          <methods>
            <method name="(anonymous_0)" hits="2" signature="()V">
              <lines>
                <line number="6" hits="2"/>
              </lines>
            </method>
            <method name="(anonymous_1)" hits="3" signature="()V">
              <lines>
                <line number="10" hits="3"/>
              </lines>
            </method>
            <method name="(anonymous_2)" hits="1" signature="()V">
              <lines>
                <line number="27" hits="1"/>
              </lines>
            </method>
            <method name="(anonymous_3)" hits="1" signature="()V">
              <lines>
                <line number="30" hits="1"/>
              </lines>
            </method>
            <method name="(anonymous_4)" hits="0" signature="()V">
              <lines>
                <line number="36" hits="0"/>
              </lines>
            </method>
          </methods>
          <lines>
            <line number="3" hits="80" branch="false"/>
            <line number="4" hits="80" branch="false"/>
            <line number="6" hits="80" branch="false"/>
            <line number="7" hits="2" branch="false"/>
            <line number="10" hits="80" branch="false"/>
            <line number="11" hits="3" branch="false"/>
            <line number="27" hits="80" branch="false"/>
            <line number="28" hits="1" branch="true" condition-coverage="50% (1/2)"/>
            <line number="30" hits="1" branch="false"/>
            <line number="31" hits="1" branch="false"/>
            <line number="37" hits="0" branch="true" condition-coverage="0% (0/2)"/>
            <line number="38" hits="0" branch="false"/>
            <line number="41" hits="0" branch="false"/>
            <line number="46" hits="80" branch="false"/>
          </lines>
        </class>
        <class name="OAuth.js" filename="lib\OAuth.js" line-rate="1" branch-rate="1">
          <methods>
            <method name="(anonymous_0)" hits="5" signature="()V">
              <lines>
                <line number="7" hits="5"/>
              </lines>
            </method>
            <method name="(anonymous_1)" hits="3" signature="()V">
              <lines>
                <line number="22" hits="3"/>
              </lines>
            </method>
            <method name="(anonymous_2)" hits="1" signature="()V">
              <lines>
                <line number="23" hits="1"/>
              </lines>
            </method>
            <method name="(anonymous_3)" hits="4" signature="()V">
              <lines>
                <line number="26" hits="4"/>
              </lines>
            </method>
            <method name="(anonymous_4)" hits="2" signature="()V">
              <lines>
                <line number="42" hits="2"/>
              </lines>
            </method>
            <method name="(anonymous_5)" hits="1" signature="()V">
              <lines>
                <line number="43" hits="1"/>
              </lines>
            </method>
          </methods>
          <lines>
            <line number="3" hits="3" branch="false"/>
            <line number="4" hits="3" branch="false"/>
            <line number="5" hits="3" branch="false"/>
            <line number="7" hits="3" branch="false"/>
            <line number="8" hits="5" branch="false"/>
            <line number="22" hits="3" branch="false"/>
            <line number="23" hits="1" branch="false"/>
            <line number="26" hits="3" branch="false"/>
            <line number="27" hits="4" branch="false"/>
            <line number="42" hits="2" branch="false"/>
            <line number="43" hits="1" branch="false"/>
            <line number="46" hits="3" branch="false"/>
          </lines>
        </class>
        <class name="Plugins.js" filename="lib\Plugins.js" line-rate="1" branch-rate="1">
          <methods>
            <method name="(anonymous_0)" hits="12" signature="()V">
              <lines>
                <line number="5" hits="12"/>
              </lines>
            </method>
            <method name="(anonymous_1)" hits="12" signature="()V">
              <lines>
                <line number="29" hits="12"/>
              </lines>
            </method>
          </methods>
          <lines>
            <line number="3" hits="82" branch="false"/>
            <line number="5" hits="82" branch="false"/>
            <line number="6" hits="12" branch="false"/>
            <line number="8" hits="12" branch="true" condition-coverage="100% (2/2)"/>
            <line number="10" hits="9" branch="true" condition-coverage="100% (2/2)"/>
            <line number="11" hits="8" branch="false"/>
            <line number="13" hits="1" branch="false"/>
            <line number="29" hits="82" branch="false"/>
            <line number="30" hits="12" branch="false"/>
          </lines>
        </class>
        <class name="RSA.js" filename="lib\RSA.js" line-rate="0.9286" branch-rate="1">
          <methods>
            <method name="(anonymous_0)" hits="4" signature="()V">
              <lines>
                <line number="8" hits="4"/>
              </lines>
            </method>
            <method name="(anonymous_1)" hits="9" signature="()V">
              <lines>
                <line number="18" hits="9"/>
              </lines>
            </method>
          </methods>
          <lines>
            <line number="1" hits="83" branch="false"/>
            <line number="2" hits="83" branch="false"/>
            <line number="3" hits="83" branch="false"/>
            <line number="4" hits="83" branch="false"/>
            <line number="6" hits="83" branch="false"/>
            <line number="8" hits="83" branch="false"/>
            <line number="9" hits="4" branch="false"/>
            <line number="10" hits="4" branch="false"/>
            <line number="12" hits="4" branch="false"/>
            <line number="14" hits="0" branch="false"/>
            <line number="18" hits="83" branch="false"/>
            <line number="19" hits="9" branch="false"/>
            <line number="20" hits="9" branch="false"/>
            <line number="22" hits="3" branch="false"/>
          </lines>
        </class>
        <class name="Staticman.js" filename="lib\Staticman.js" line-rate="0.9767" branch-rate="0.9257">
          <methods>
            <method name="(anonymous_0)" hits="93" signature="()V">
              <lines>
                <line number="22" hits="93"/>
              </lines>
            </method>
            <method name="(anonymous_1)" hits="10" signature="()V">
              <lines>
                <line number="47" hits="10"/>
              </lines>
            </method>
            <method name="(anonymous_2)" hits="9" signature="()V">
              <lines>
                <line number="60" hits="9"/>
              </lines>
            </method>
            <method name="(anonymous_3)" hits="11" signature="()V">
              <lines>
                <line number="65" hits="11"/>
              </lines>
            </method>
            <method name="(anonymous_4)" hits="8" signature="()V">
              <lines>
                <line number="104" hits="8"/>
              </lines>
            </method>
            <method name="(anonymous_5)" hits="8" signature="()V">
              <lines>
                <line number="113" hits="8"/>
              </lines>
            </method>
            <method name="(anonymous_6)" hits="9" signature="()V">
              <lines>
                <line number="118" hits="9"/>
              </lines>
            </method>
            <method name="(anonymous_7)" hits="7" signature="()V">
              <lines>
                <line number="126" hits="7"/>
              </lines>
            </method>
            <method name="(anonymous_8)" hits="4" signature="()V">
              <lines>
                <line number="131" hits="4"/>
              </lines>
            </method>
            <method name="(anonymous_9)" hits="3" signature="()V">
              <lines>
                <line number="134" hits="3"/>
              </lines>
            </method>
            <method name="(anonymous_10)" hits="3" signature="()V">
              <lines>
                <line number="148" hits="3"/>
              </lines>
            </method>
            <method name="(anonymous_11)" hits="19" signature="()V">
              <lines>
                <line number="158" hits="19"/>
              </lines>
            </method>
            <method name="(anonymous_12)" hits="5" signature="()V">
              <lines>
                <line number="180" hits="5"/>
              </lines>
            </method>
            <method name="(anonymous_13)" hits="4" signature="()V">
              <lines>
                <line number="187" hits="4"/>
              </lines>
            </method>
            <method name="(anonymous_14)" hits="1" signature="()V">
              <lines>
                <line number="204" hits="1"/>
              </lines>
            </method>
            <method name="(anonymous_15)" hits="10" signature="()V">
              <lines>
                <line number="210" hits="10"/>
              </lines>
            </method>
            <method name="(anonymous_16)" hits="12" signature="()V">
              <lines>
                <line number="228" hits="12"/>
              </lines>
            </method>
            <method name="(anonymous_17)" hits="12" signature="()V">
              <lines>
                <line number="229" hits="12"/>
              </lines>
            </method>
            <method name="(anonymous_18)" hits="1" signature="()V">
              <lines>
                <line number="247" hits="1"/>
              </lines>
            </method>
            <method name="(anonymous_19)" hits="4" signature="()V">
              <lines>
                <line number="274" hits="4"/>
              </lines>
            </method>
            <method name="(anonymous_20)" hits="18" signature="()V">
              <lines>
                <line number="279" hits="18"/>
              </lines>
            </method>
            <method name="(anonymous_21)" hits="12" signature="()V">
              <lines>
                <line number="299" hits="12"/>
              </lines>
            </method>
            <method name="(anonymous_22)" hits="15" signature="()V">
              <lines>
                <line number="325" hits="15"/>
              </lines>
            </method>
            <method name="(anonymous_23)" hits="5" signature="()V">
              <lines>
                <line number="339" hits="5"/>
              </lines>
            </method>
            <method name="(anonymous_24)" hits="33" signature="()V">
              <lines>
                <line number="354" hits="33"/>
              </lines>
            </method>
            <method name="(anonymous_25)" hits="22" signature="()V">
              <lines>
                <line number="359" hits="22"/>
              </lines>
            </method>
            <method name="(anonymous_26)" hits="7" signature="()V">
              <lines>
                <line number="394" hits="7"/>
              </lines>
            </method>
            <method name="(anonymous_27)" hits="24" signature="()V">
              <lines>
                <line number="409" hits="24"/>
              </lines>
            </method>
            <method name="(anonymous_28)" hits="9" signature="()V">
              <lines>
                <line number="426" hits="9"/>
              </lines>
            </method>
            <method name="(anonymous_29)" hits="38" signature="()V">
              <lines>
                <line number="430" hits="38"/>
              </lines>
            </method>
            <method name="(anonymous_30)" hits="27" signature="()V">
              <lines>
                <line number="443" hits="27"/>
              </lines>
            </method>
            <method name="(anonymous_31)" hits="2" signature="()V">
              <lines>
                <line number="464" hits="2"/>
              </lines>
            </method>
            <method name="(anonymous_32)" hits="1" signature="()V">
              <lines>
                <line number="468" hits="1"/>
              </lines>
            </method>
            <method name="(anonymous_33)" hits="17" signature="()V">
              <lines>
                <line number="472" hits="17"/>
              </lines>
            </method>
            <method name="(anonymous_34)" hits="6" signature="()V">
              <lines>
                <line number="477" hits="6"/>
              </lines>
            </method>
            <method name="(anonymous_35)" hits="8" signature="()V">
              <lines>
                <line number="493" hits="8"/>
              </lines>
            </method>
            <method name="(anonymous_36)" hits="8" signature="()V">
              <lines>
                <line number="497" hits="8"/>
              </lines>
            </method>
            <method name="(anonymous_37)" hits="7" signature="()V">
              <lines>
                <line number="499" hits="7"/>
              </lines>
            </method>
            <method name="(anonymous_38)" hits="7" signature="()V">
              <lines>
                <line number="501" hits="7"/>
              </lines>
            </method>
            <method name="(anonymous_39)" hits="6" signature="()V">
              <lines>
                <line number="503" hits="6"/>
              </lines>
            </method>
            <method name="(anonymous_40)" hits="5" signature="()V">
              <lines>
                <line number="514" hits="5"/>
              </lines>
            </method>
            <method name="(anonymous_41)" hits="5" signature="()V">
              <lines>
                <line number="516" hits="5"/>
              </lines>
            </method>
            <method name="(anonymous_42)" hits="4" signature="()V">
              <lines>
                <line number="519" hits="4"/>
              </lines>
            </method>
            <method name="(anonymous_43)" hits="0" signature="()V">
              <lines>
                <line number="529" hits="0"/>
              </lines>
            </method>
            <method name="(anonymous_44)" hits="4" signature="()V">
              <lines>
                <line number="554" hits="4"/>
              </lines>
            </method>
            <method name="(anonymous_45)" hits="4" signature="()V">
              <lines>
                <line number="559" hits="4"/>
              </lines>
            </method>
            <method name="(anonymous_46)" hits="1" signature="()V">
              <lines>
                <line number="567" hits="1"/>
              </lines>
            </method>
            <method name="(anonymous_47)" hits="1" signature="()V">
              <lines>
                <line number="571" hits="1"/>
              </lines>
            </method>
            <method name="(anonymous_48)" hits="0" signature="()V">
              <lines>
                <line number="575" hits="0"/>
              </lines>
            </method>
            <method name="(anonymous_49)" hits="16" signature="()V">
              <lines>
                <line number="583" hits="16"/>
              </lines>
            </method>
            <method name="(anonymous_50)" hits="5" signature="()V">
              <lines>
                <line number="604" hits="5"/>
              </lines>
            </method>
            <method name="(anonymous_51)" hits="5" signature="()V">
              <lines>
                <line number="608" hits="5"/>
              </lines>
            </method>
          </methods>
          <lines>
            <line number="3" hits="82" branch="false"/>
            <line number="4" hits="82" branch="false"/>
            <line number="5" hits="82" branch="false"/>
            <line number="6" hits="82" branch="false"/>
            <line number="7" hits="82" branch="false"/>
            <line number="8" hits="82" branch="false"/>
            <line number="9" hits="82" branch="false"/>
            <line number="10" hits="82" branch="false"/>
            <line number="11" hits="82" branch="false"/>
            <line number="12" hits="82" branch="false"/>
            <line number="13" hits="82" branch="false"/>
            <line number="14" hits="82" branch="false"/>
            <line number="15" hits="82" branch="false"/>
            <line number="16" hits="82" branch="false"/>
            <line number="17" hits="82" branch="false"/>
            <line number="18" hits="82" branch="false"/>
            <line number="20" hits="82" branch="false"/>
            <line number="22" hits="82" branch="false"/>
            <line number="23" hits="93" branch="false"/>
            <line number="25" hits="93" branch="true" condition-coverage="100% (2/2)"/>
            <line number="30" hits="93" branch="false"/>
            <line number="38" hits="93" branch="false"/>
            <line number="40" hits="93" branch="false"/>
            <line number="41" hits="93" branch="false"/>
            <line number="44" hits="82" branch="false"/>
            <line number="45" hits="82" branch="false"/>
            <line number="47" hits="82" branch="false"/>
            <line number="48" hits="10" branch="false"/>
            <line number="53" hits="10" branch="true" condition-coverage="100% (2/2)"/>
            <line number="54" hits="4" branch="false"/>
            <line number="57" hits="10" branch="false"/>
            <line number="60" hits="82" branch="false"/>
            <line number="61" hits="9" branch="false"/>
            <line number="63" hits="9" branch="true" condition-coverage="100% (2/2)"/>
            <line number="65" hits="8" branch="false"/>
            <line number="66" hits="11" branch="false"/>
            <line number="68" hits="11" branch="true" condition-coverage="75% (3/4)"/>
            <line number="69" hits="11" branch="true" condition-coverage="50% (1/2)"/>
            <line number="71" hits="11" branch="true" condition-coverage="100% (4/4)"/>
            <line number="73" hits="6" branch="false"/>
            <line number="75" hits="6" branch="false"/>
            <line number="80" hits="4" branch="true" condition-coverage="75% (3/4)"/>
            <line number="81" hits="4" branch="false"/>
            <line number="84" hits="4" branch="false"/>
            <line number="87" hits="1" branch="true" condition-coverage="50% (1/2)"/>
            <line number="91" hits="1" branch="false"/>
            <line number="94" hits="1" branch="false"/>
            <line number="97" hits="0" branch="false"/>
            <line number="101" hits="8" branch="false"/>
            <line number="104" hits="82" branch="false"/>
            <line number="105" hits="8" branch="false"/>
            <line number="107" hits="8" branch="true" condition-coverage="100% (2/2)"/>
            <line number="111" hits="7" branch="false"/>
            <line number="113" hits="7" branch="false"/>
            <line number="114" hits="8" branch="true" condition-coverage="50% (1/2)"/>
            <line number="116" hits="8" branch="false"/>
            <line number="118" hits="8" branch="false"/>
            <line number="119" hits="9" branch="false"/>
            <line number="120" hits="9" branch="true" condition-coverage="50% (1/2)"/>
            <line number="121" hits="9" branch="false"/>
            <line number="126" hits="7" branch="false"/>
            <line number="127" hits="7" branch="false"/>
            <line number="131" hits="82" branch="false"/>
            <line number="132" hits="4" branch="true" condition-coverage="100% (2/2)"/>
            <line number="134" hits="3" branch="false"/>
            <line number="135" hits="3" branch="false"/>
            <line number="140" hits="3" branch="false"/>
            <line number="149" hits="3" branch="true" condition-coverage="100% (2/2)"/>
            <line number="151" hits="2" branch="true" condition-coverage="100% (2/2)"/>
            <line number="153" hits="1" branch="false"/>
            <line number="158" hits="82" branch="false"/>
            <line number="160" hits="19" branch="true" condition-coverage="100% (2/2)"/>
            <line number="161" hits="4" branch="false"/>
            <line number="164" hits="15" branch="true" condition-coverage="100% (2/2)"/>
            <line number="165" hits="7" branch="false"/>
            <line number="168" hits="8" branch="true" condition-coverage="100% (2/2)"/>
            <line number="169" hits="1" branch="false"/>
            <line number="172" hits="7" branch="false"/>
            <line number="174" hits="7" branch="true" condition-coverage="100% (2/2)"/>
            <line number="175" hits="2" branch="false"/>
            <line number="178" hits="5" branch="false"/>
            <line number="180" hits="5" branch="false"/>
            <line number="181" hits="5" branch="false"/>
            <line number="182" hits="5" branch="false"/>
            <line number="187" hits="82" branch="false"/>
            <line number="188" hits="4" branch="true" condition-coverage="100% (2/2)"/>
            <line number="189" hits="1" branch="false"/>
            <line number="192" hits="3" branch="true" condition-coverage="100% (2/2)"/>
            <line number="193" hits="1" branch="false"/>
            <line number="196" hits="2" branch="false"/>
            <line number="198" hits="2" branch="true" condition-coverage="100% (2/2)"/>
            <line number="199" hits="1" branch="false"/>
            <line number="202" hits="1" branch="false"/>
            <line number="204" hits="1" branch="false"/>
            <line number="205" hits="1" branch="false"/>
            <line number="206" hits="1" branch="false"/>
            <line number="210" hits="82" branch="false"/>
            <line number="211" hits="10" branch="true" condition-coverage="100% (2/2)"/>
            <line number="213" hits="10" branch="false"/>
            <line number="215" hits="10" branch="true" condition-coverage="100% (4/4)"/>
            <line number="217" hits="1" branch="false"/>
            <line number="220" hits="6" branch="false"/>
            <line number="224" hits="3" branch="false"/>
            <line number="228" hits="82" branch="false"/>
            <line number="229" hits="12" branch="false"/>
            <line number="230" hits="12" branch="true" condition-coverage="100% (5/5)"/>
            <line number="232" hits="1" branch="false"/>
            <line number="236" hits="8" branch="false"/>
            <line number="237" hits="8" branch="false"/>
            <line number="239" hits="8" branch="false"/>
            <line number="241" hits="0" branch="false"/>
            <line number="245" hits="2" branch="false"/>
            <line number="247" hits="2" branch="true" condition-coverage="100% (2/2)"/>
            <line number="248" hits="1" branch="false"/>
            <line number="251" hits="2" branch="true" condition-coverage="100% (2/2)"/>
            <line number="252" hits="1" branch="false"/>
            <line number="255" hits="1" branch="false"/>
            <line number="256" hits="1" branch="false"/>
            <line number="258" hits="1" branch="false"/>
            <line number="260" hits="1" branch="false"/>
            <line number="261" hits="1" branch="false"/>
            <line number="263" hits="1" branch="false"/>
            <line number="265" hits="0" branch="false"/>
            <line number="269" hits="1" branch="false"/>
            <line number="274" hits="82" branch="false"/>
            <line number="275" hits="4" branch="false"/>
            <line number="279" hits="4" branch="false"/>
            <line number="280" hits="18" branch="false"/>
            <line number="283" hits="4" branch="false"/>
            <line number="285" hits="4" branch="true" condition-coverage="100% (2/2)"/>
            <line number="286" hits="1" branch="false"/>
            <line number="293" hits="1" branch="false"/>
            <line number="296" hits="4" branch="false"/>
            <line number="299" hits="82" branch="false"/>
            <line number="300" hits="12" branch="false"/>
            <line number="301" hits="12" branch="true" condition-coverage="100% (4/4)"/>
            <line number="308" hits="12" branch="false"/>
            <line number="314" hits="12" branch="true" condition-coverage="100% (2/2)"/>
            <line number="315" hits="7" branch="false"/>
            <line number="318" hits="12" branch="true" condition-coverage="100% (2/2)"/>
            <line number="322" hits="12" branch="false"/>
            <line number="325" hits="82" branch="false"/>
            <line number="326" hits="15" branch="true" condition-coverage="100% (4/4)"/>
            <line number="328" hits="6" branch="false"/>
            <line number="332" hits="8" branch="false"/>
            <line number="335" hits="1" branch="false"/>
            <line number="339" hits="82" branch="false"/>
            <line number="340" hits="5" branch="true" condition-coverage="100% (2/2)"/>
            <line number="343" hits="4" branch="false"/>
            <line number="349" hits="4" branch="false"/>
            <line number="351" hits="4" branch="false"/>
            <line number="354" hits="82" branch="false"/>
            <line number="355" hits="33" branch="false"/>
            <line number="357" hits="33" branch="true" condition-coverage="100% (2/2)"/>
            <line number="359" hits="17" branch="false"/>
            <line number="360" hits="22" branch="false"/>
            <line number="361" hits="22" branch="false"/>
            <line number="365" hits="22" branch="true" condition-coverage="100% (3/3)"/>
            <line number="367" hits="7" branch="false"/>
            <line number="369" hits="7" branch="false"/>
            <line number="372" hits="1" branch="false"/>
            <line number="374" hits="1" branch="false"/>
            <line number="377" hits="14" branch="false"/>
            <line number="379" hits="14" branch="true" condition-coverage="100% (2/2)"/>
            <line number="380" hits="1" branch="false"/>
            <line number="382" hits="1" branch="false"/>
            <line number="384" hits="13" branch="true" condition-coverage="100% (2/2)"/>
            <line number="388" hits="22" branch="false"/>
            <line number="391" hits="17" branch="false"/>
            <line number="394" hits="82" branch="false"/>
            <line number="395" hits="7" branch="true" condition-coverage="100% (2/2)"/>
            <line number="396" hits="1" branch="false"/>
            <line number="399" hits="6" branch="false"/>
            <line number="406" hits="6" branch="false"/>
            <line number="409" hits="6" branch="false"/>
            <line number="410" hits="24" branch="true" condition-coverage="100% (2/2)"/>
            <line number="411" hits="2" branch="false"/>
            <line number="415" hits="6" branch="true" condition-coverage="100% (2/2)"/>
            <line number="416" hits="1" branch="false"/>
            <line number="421" hits="5" branch="false"/>
            <line number="423" hits="5" branch="false"/>
            <line number="426" hits="82" branch="false"/>
            <line number="427" hits="9" branch="false"/>
            <line number="428" hits="9" branch="false"/>
            <line number="430" hits="9" branch="false"/>
            <line number="432" hits="38" branch="true" condition-coverage="100% (4/4)"/>
            <line number="433" hits="5" branch="false"/>
            <line number="437" hits="38" branch="true" condition-coverage="50% (1/2)"/>
            <line number="438" hits="38" branch="false"/>
            <line number="443" hits="9" branch="false"/>
            <line number="444" hits="27" branch="true" condition-coverage="100% (4/4)"/>
            <line number="445" hits="2" branch="false"/>
            <line number="449" hits="9" branch="true" condition-coverage="100% (2/2)"/>
            <line number="450" hits="1" branch="false"/>
            <line number="455" hits="8" branch="true" condition-coverage="100% (2/2)"/>
            <line number="456" hits="2" branch="false"/>
            <line number="461" hits="6" branch="false"/>
            <line number="464" hits="82" branch="false"/>
            <line number="465" hits="2" branch="false"/>
            <line number="468" hits="82" branch="false"/>
            <line number="469" hits="1" branch="false"/>
            <line number="472" hits="82" branch="false"/>
            <line number="473" hits="17" branch="true" condition-coverage="100% (4/4)"/>
            <line number="475" hits="8" branch="true" condition-coverage="100% (2/2)"/>
            <line number="477" hits="7" branch="false"/>
            <line number="478" hits="6" branch="false"/>
            <line number="479" hits="6" branch="false"/>
            <line number="481" hits="6" branch="true" condition-coverage="100% (2/2)"/>
            <line number="482" hits="1" branch="false"/>
            <line number="485" hits="5" branch="true" condition-coverage="100% (2/2)"/>
            <line number="486" hits="1" branch="false"/>
            <line number="489" hits="4" branch="false"/>
            <line number="493" hits="82" branch="false"/>
            <line number="494" hits="8" branch="false"/>
            <line number="495" hits="8" branch="false"/>
            <line number="497" hits="8" branch="false"/>
            <line number="498" hits="8" branch="false"/>
            <line number="500" hits="7" branch="false"/>
            <line number="502" hits="7" branch="false"/>
            <line number="505" hits="6" branch="false"/>
            <line number="507" hits="6" branch="true" condition-coverage="100% (2/2)"/>
            <line number="510" hits="5" branch="false"/>
            <line number="513" hits="5" branch="false"/>
            <line number="515" hits="5" branch="false"/>
            <line number="518" hits="5" branch="false"/>
            <line number="520" hits="4" branch="false"/>
            <line number="521" hits="4" branch="false"/>
            <line number="522" hits="4" branch="false"/>
            <line number="528" hits="4" branch="true" condition-coverage="100% (6/6)"/>
            <line number="529" hits="2" branch="false"/>
            <line number="530" hits="0" branch="true" condition-coverage="0% (0/2)"/>
            <line number="534" hits="4" branch="true" condition-coverage="100% (2/2)"/>
            <line number="535" hits="1" branch="false"/>
            <line number="537" hits="1" branch="false"/>
            <line number="544" hits="3" branch="true" condition-coverage="100% (4/4)"/>
            <line number="545" hits="2" branch="false"/>
            <line number="548" hits="3" branch="false"/>
            <line number="555" hits="4" branch="false"/>
            <line number="560" hits="4" branch="false"/>
            <line number="567" hits="82" branch="false"/>
            <line number="568" hits="1" branch="false"/>
            <line number="569" hits="1" branch="false"/>
            <line number="571" hits="1" branch="false"/>
            <line number="572" hits="1" branch="false"/>
            <line number="574" hits="1" branch="false"/>
            <line number="576" hits="0" branch="false"/>
            <line number="583" hits="82" branch="false"/>
            <line number="585" hits="16" branch="true" condition-coverage="100% (2/2)"/>
            <line number="586" hits="10" branch="true" condition-coverage="50% (1/2)"/>
            <line number="587" hits="0" branch="false"/>
            <line number="592" hits="10" branch="false"/>
            <line number="598" hits="10" branch="false"/>
            <line number="601" hits="6" branch="false"/>
            <line number="604" hits="82" branch="false"/>
            <line number="605" hits="5" branch="false"/>
            <line number="608" hits="82" branch="false"/>
            <line number="609" hits="5" branch="false"/>
            <line number="612" hits="82" branch="false"/>
          </lines>
        </class>
        <class name="SubscriptionsManager.js" filename="lib\SubscriptionsManager.js" line-rate="0.2895" branch-rate="0">
          <methods>
            <method name="(anonymous_0)" hits="1" signature="()V">
              <lines>
                <line number="6" hits="1"/>
              </lines>
            </method>
            <method name="(anonymous_1)" hits="0" signature="()V">
              <lines>
                <line number="12" hits="0"/>
              </lines>
            </method>
            <method name="(anonymous_2)" hits="0" signature="()V">
              <lines>
                <line number="18" hits="0"/>
              </lines>
            </method>
            <method name="(anonymous_3)" hits="0" signature="()V">
              <lines>
                <line number="21" hits="0"/>
              </lines>
            </method>
            <method name="(anonymous_4)" hits="0" signature="()V">
              <lines>
                <line number="22" hits="0"/>
              </lines>
            </method>
            <method name="(anonymous_5)" hits="0" signature="()V">
              <lines>
                <line number="36" hits="0"/>
              </lines>
            </method>
            <method name="(anonymous_6)" hits="0" signature="()V">
              <lines>
                <line number="37" hits="0"/>
              </lines>
            </method>
            <method name="(anonymous_7)" hits="0" signature="()V">
              <lines>
                <line number="48" hits="0"/>
              </lines>
            </method>
            <method name="(anonymous_8)" hits="0" signature="()V">
              <lines>
                <line number="51" hits="0"/>
              </lines>
            </method>
            <method name="(anonymous_9)" hits="0" signature="()V">
              <lines>
                <line number="54" hits="0"/>
              </lines>
            </method>
            <method name="(anonymous_10)" hits="0" signature="()V">
              <lines>
                <line number="56" hits="0"/>
              </lines>
            </method>
            <method name="(anonymous_11)" hits="0" signature="()V">
              <lines>
                <line number="59" hits="0"/>
              </lines>
            </method>
            <method name="(anonymous_12)" hits="0" signature="()V">
              <lines>
                <line number="67" hits="0"/>
              </lines>
            </method>
            <method name="(anonymous_13)" hits="0" signature="()V">
              <lines>
                <line number="70" hits="0"/>
              </lines>
            </method>
          </methods>
          <lines>
            <line number="3" hits="79" branch="false"/>
            <line number="4" hits="79" branch="false"/>
            <line number="6" hits="79" branch="false"/>
            <line number="7" hits="1" branch="false"/>
            <line number="8" hits="1" branch="false"/>
            <line number="9" hits="1" branch="false"/>
            <line number="12" hits="79" branch="false"/>
            <line number="13" hits="0" branch="false"/>
            <line number="15" hits="0" branch="false"/>
            <line number="18" hits="79" branch="false"/>
            <line number="19" hits="0" branch="false"/>
            <line number="21" hits="0" branch="false"/>
            <line number="22" hits="0" branch="false"/>
            <line number="23" hits="0" branch="true" condition-coverage="0% (0/4)"/>
            <line number="24" hits="0" branch="false"/>
            <line number="27" hits="0" branch="true" condition-coverage="0% (0/5)"/>
            <line number="28" hits="0" branch="false"/>
            <line number="31" hits="0" branch="false"/>
            <line number="36" hits="79" branch="false"/>
            <line number="37" hits="0" branch="false"/>
            <line number="38" hits="0" branch="true" condition-coverage="0% (0/2)"/>
            <line number="39" hits="0" branch="false"/>
            <line number="41" hits="0" branch="false"/>
            <line number="48" hits="79" branch="false"/>
            <line number="49" hits="0" branch="false"/>
            <line number="51" hits="0" branch="false"/>
            <line number="52" hits="0" branch="false"/>
            <line number="54" hits="0" branch="false"/>
            <line number="55" hits="0" branch="true" condition-coverage="0% (0/2)"/>
            <line number="56" hits="0" branch="false"/>
            <line number="57" hits="0" branch="false"/>
            <line number="60" hits="0" branch="true" condition-coverage="0% (0/2)"/>
            <line number="62" hits="0" branch="false"/>
            <line number="67" hits="0" branch="false"/>
            <line number="68" hits="0" branch="false"/>
            <line number="72" hits="0" branch="true" condition-coverage="0% (0/4)"/>
            <line number="74" hits="0" branch="false"/>
            <line number="81" hits="79" branch="false"/>
          </lines>
        </class>
        <class name="Transforms.js" filename="lib\Transforms.js" line-rate="1" branch-rate="1">
          <methods>
            <method name="md5Transform" hits="6" signature="()V">
              <lines>
                <line number="3" hits="6"/>
              </lines>
            </method>
            <method name="upcaseTransform" hits="1" signature="()V">
              <lines>
                <line number="7" hits="1"/>
              </lines>
            </method>
            <method name="downcaseTransform" hits="1" signature="()V">
              <lines>
                <line number="11" hits="1"/>
              </lines>
            </method>
          </methods>
          <lines>
            <line number="1" hits="83" branch="false"/>
            <line number="3" hits="83" branch="false"/>
            <line number="4" hits="6" branch="false"/>
            <line number="7" hits="83" branch="false"/>
            <line number="8" hits="1" branch="false"/>
            <line number="11" hits="83" branch="false"/>
            <line number="12" hits="1" branch="false"/>
          </lines>
        </class>
        <class name="TypeUtils.js" filename="lib\TypeUtils.js" line-rate="0.75" branch-rate="0.6667000000000001">
          <methods>
            <method name="(anonymous_0)" hits="132" signature="()V">
              <lines>
                <line number="3" hits="132"/>
              </lines>
            </method>
          </methods>
          <lines>
            <line number="3" hits="80" branch="true" condition-coverage="100% (1/1)"/>
            <line number="4" hits="132" branch="true" condition-coverage="50% (1/2)"/>
            <line number="5" hits="0" branch="false"/>
            <line number="9" hits="80" branch="false"/>
          </lines>
        </class>
      </classes>
    </package>
    <package name="my-staticman.lib.models" line-rate="1" branch-rate="1">
      <classes>
        <class name="Review.js" filename="lib\models\Review.js" line-rate="1" branch-rate="1">
          <methods>
            <method name="(anonymous_0)" hits="4" signature="()V">
              <lines>
                <line number="13" hits="4"/>
              </lines>
            </method>
          </methods>
          <lines>
            <line number="3" hits="77" branch="false"/>
            <line number="14" hits="4" branch="false"/>
            <line number="15" hits="4" branch="false"/>
            <line number="16" hits="4" branch="false"/>
            <line number="17" hits="4" branch="false"/>
            <line number="18" hits="4" branch="false"/>
            <line number="20" hits="4" branch="false"/>
            <line number="21" hits="4" branch="false"/>
            <line number="22" hits="4" branch="false"/>
            <line number="23" hits="4" branch="false"/>
            <line number="24" hits="4" branch="false"/>
            <line number="28" hits="77" branch="false"/>
          </lines>
        </class>
        <class name="User.js" filename="lib\models\User.js" line-rate="1" branch-rate="1">
          <methods>
            <method name="(anonymous_0)" hits="14" signature="()V">
              <lines>
                <line number="16" hits="14"/>
              </lines>
            </method>
          </methods>
          <lines>
            <line number="3" hits="80" branch="false"/>
            <line number="17" hits="14" branch="false"/>
            <line number="18" hits="14" branch="false"/>
            <line number="19" hits="14" branch="false"/>
            <line number="20" hits="14" branch="false"/>
            <line number="21" hits="14" branch="false"/>
            <line number="22" hits="14" branch="false"/>
            <line number="23" hits="14" branch="false"/>
            <line number="24" hits="14" branch="false"/>
            <line number="26" hits="14" branch="false"/>
            <line number="27" hits="14" branch="false"/>
            <line number="28" hits="14" branch="false"/>
            <line number="29" hits="14" branch="false"/>
            <line number="30" hits="14" branch="false"/>
            <line number="31" hits="14" branch="false"/>
            <line number="32" hits="14" branch="false"/>
            <line number="33" hits="14" branch="false"/>
            <line number="37" hits="80" branch="false"/>
          </lines>
        </class>
      </classes>
    </package>
  </packages>
</coverage>
